MSP430 Assembler PC v4.4.3 Sat Aug 08 16:57:44 2015

Tools Copyright (c) 2003-2015 Texas Instruments Incorporated
delay.asm                                                            PAGE    1

       1            ;******************************************************************************
       2            ;* MSP430 C/C++ Codegen                                             PC v4.4.3 *
       3            ;* Date/Time created: Sat Aug 08 16:57:44 2015                                *
       4            ;******************************************************************************
       5                    .compiler_opts --abi=eabi --diag_wrap=off --hll_source=on --mem_model:code=large --mem_model:d
       6            
       7            $C$DW$CU        .dwtag  DW_TAG_compile_unit
       8                    .dwattr $C$DW$CU, DW_AT_name("../delay.c")
       9                    .dwattr $C$DW$CU, DW_AT_producer("TI MSP430 C/C++ Codegen PC v4.4.3 Copyright (c) 2003-2015 Te
      10                    .dwattr $C$DW$CU, DW_AT_TI_version(0x01)
      11                    .dwattr $C$DW$CU, DW_AT_comp_dir("F:\Study\Work\CCS_Workspace\PUF\Debug")
      12            $C$DW$1 .dwtag  DW_TAG_variable, DW_AT_name("TACTL")
      13                    .dwattr $C$DW$1, DW_AT_TI_symbol_name("TACTL")
      14                    .dwattr $C$DW$1, DW_AT_type(*$C$DW$T$23)
      15                    .dwattr $C$DW$1, DW_AT_declaration
      16                    .dwattr $C$DW$1, DW_AT_external
      17                    .dwattr $C$DW$1, DW_AT_decl_file("D:/Program Files/ccsv6/ccs_base/msp430/include/msp430f2618.h
      18                    .dwattr $C$DW$1, DW_AT_decl_line(0x38b)
      19                    .dwattr $C$DW$1, DW_AT_decl_column(0x01)
      20            $C$DW$2 .dwtag  DW_TAG_variable, DW_AT_name("TACCTL0")
      21                    .dwattr $C$DW$2, DW_AT_TI_symbol_name("TACCTL0")
      22                    .dwattr $C$DW$2, DW_AT_type(*$C$DW$T$23)
      23                    .dwattr $C$DW$2, DW_AT_declaration
      24                    .dwattr $C$DW$2, DW_AT_external
      25                    .dwattr $C$DW$2, DW_AT_decl_file("D:/Program Files/ccsv6/ccs_base/msp430/include/msp430f2618.h
      26                    .dwattr $C$DW$2, DW_AT_decl_line(0x38c)
      27                    .dwattr $C$DW$2, DW_AT_decl_column(0x01)
      28            $C$DW$3 .dwtag  DW_TAG_variable, DW_AT_name("TACCR0")
      29                    .dwattr $C$DW$3, DW_AT_TI_symbol_name("TACCR0")
      30                    .dwattr $C$DW$3, DW_AT_type(*$C$DW$T$23)
      31                    .dwattr $C$DW$3, DW_AT_declaration
      32                    .dwattr $C$DW$3, DW_AT_external
      33                    .dwattr $C$DW$3, DW_AT_decl_file("D:/Program Files/ccsv6/ccs_base/msp430/include/msp430f2618.h
      34                    .dwattr $C$DW$3, DW_AT_decl_line(0x390)
      35                    .dwattr $C$DW$3, DW_AT_decl_column(0x01)
      36            ;       D:\Program Files\ccsv6\tools\compiler\ti-cgt-msp430_4.4.3\bin\opt430.exe C:\\Users\\user\\AppD
      37 000000               .sect   ".text:delay_500_ms"
      38                    .clink
      39                    .global delay_500_ms
      40            
      41            $C$DW$4 .dwtag  DW_TAG_subprogram, DW_AT_name("delay_500_ms")
      42                    .dwattr $C$DW$4, DW_AT_low_pc(delay_500_ms)
      43                    .dwattr $C$DW$4, DW_AT_high_pc(0x00)
      44                    .dwattr $C$DW$4, DW_AT_TI_symbol_name("delay_500_ms")
      45                    .dwattr $C$DW$4, DW_AT_external
      46                    .dwattr $C$DW$4, DW_AT_TI_begin_file("../delay.c")
      47                    .dwattr $C$DW$4, DW_AT_TI_begin_line(0x04)
      48                    .dwattr $C$DW$4, DW_AT_TI_begin_column(0x06)
      49                    .dwattr $C$DW$4, DW_AT_decl_file("../delay.c")
      50                    .dwattr $C$DW$4, DW_AT_decl_line(0x04)
      51                    .dwattr $C$DW$4, DW_AT_decl_column(0x06)
      52                    .dwattr $C$DW$4, DW_AT_TI_max_frame_size(0x04)
      53                    .dwpsn  file "../delay.c",line 5,column 1,is_stmt,address delay_500_ms,isa 0
      54            
      55                    .dwfde $C$DW$CIE, delay_500_ms
MSP430 Assembler PC v4.4.3 Sat Aug 08 16:57:44 2015

Tools Copyright (c) 2003-2015 Texas Instruments Incorporated
delay.asm                                                            PAGE    2

      56            
      57            ;*****************************************************************************
      58            ;* FUNCTION NAME: delay_500_ms                                               *
      59            ;*                                                                           *
      60            ;*   Regs Modified     : SP,SR                                               *
      61            ;*   Regs Used         : SP,SR                                               *
      62            ;*   Local Frame Size  : 0 Args + 0 Auto + 0 Save = 0 byte                   *
      63            ;*****************************************************************************
      64 000000       delay_500_ms:
      65            ;* --------------------------------------------------------------------------*
      66                    .dwcfi  cfa_offset, 4
      67                    .dwcfi  save_reg_to_mem, 16, -4
      68                    .dwpsn  file "../delay.c",line 6,column 3,is_stmt,isa 0
      69 000000 40B2          MOV.W     #62500,&TACCR0+0      ; [] |6| 
         000002 F424 
         000004 0000!
      70                    .dwpsn  file "../delay.c",line 7,column 3,is_stmt,isa 0
      71 000006 D0B2          OR.W      #720,&TACTL+0         ; [] |7| 
         000008 02D0 
         00000a 0000!
      72                    .dwpsn  file "../delay.c",line 8,column 3,is_stmt,isa 0
      73 00000c F0B2          AND.W     #65279,&TACCTL0+0     ; [] |8| 
         00000e FEFF 
         000010 0000!
      74            ;* --------------------------------------------------------------------------*
      75            ;*   BEGIN LOOP $C$L1
      76            ;*
      77            ;*   Loop source line                : 10
      78            ;*   Loop closing brace source line  : 10
      79            ;*   Known Minimum Trip Count        : 1
      80            ;*   Known Maximum Trip Count        : 4294967295
      81            ;*   Known Max Trip Count Factor     : 1
      82            ;* --------------------------------------------------------------------------*
      83 000012       $C$L1:    
      84                    .dwpsn  file "../delay.c",line 10,column 9,is_stmt,isa 0
      85 000012 B392          BIT.W     #1,&TACTL+0           ; [] |10| 
         000014 0000!
      86 000016 27FD          JEQ       $C$L1                 ; [] |10| 
      87                                                      ; [] |10| 
      88            ;* --------------------------------------------------------------------------*
      89                    .dwpsn  file "../delay.c",line 11,column 4,is_stmt,isa 0
      90 000018 C392          BIC.W     #1,&TACCTL0+0         ; [] |11| 
         00001a 0000!
      91                    .dwpsn  file "../delay.c",line 12,column 1,is_stmt,isa 0
      92            $C$DW$5 .dwtag  DW_TAG_TI_branch
      93                    .dwattr $C$DW$5, DW_AT_low_pc(0x00)
      94                    .dwattr $C$DW$5, DW_AT_TI_return
      95 00001c 0110          RETA      ; [] 
      96                    ; [] 
      97                    .dwattr $C$DW$4, DW_AT_TI_end_file("../delay.c")
      98                    .dwattr $C$DW$4, DW_AT_TI_end_line(0x0c)
      99                    .dwattr $C$DW$4, DW_AT_TI_end_column(0x01)
     100                    .dwendentry
     101                    .dwendtag $C$DW$4
     102            
MSP430 Assembler PC v4.4.3 Sat Aug 08 16:57:44 2015

Tools Copyright (c) 2003-2015 Texas Instruments Incorporated
delay.asm                                                            PAGE    3

     103            ;*****************************************************************************
     104            ;* UNDEFINED EXTERNAL REFERENCES                                             *
     105            ;*****************************************************************************
     106                    .global TACTL
     107                    .global TACCTL0
     108                    .global TACCR0
     109            
     110            ;******************************************************************************
     111            ;* BUILD ATTRIBUTES                                                           *
     112            ;******************************************************************************
     113                    .battr "TI", Tag_File, 1, Tag_LPM_INFO(1)
     114                    .battr "TI", Tag_File, 1, Tag_PORTS_INIT_INFO("012345678901ABCDEFGHIJ0111111110001000000000000
     115                    .battr "TI", Tag_File, 1, Tag_HW_MPY32_INFO(1)
     116                    .battr "TI", Tag_File, 1, Tag_HW_MPY_ISR_INFO(1)
     117                    .battr "TI", Tag_File, 1, Tag_HW_MPY_INLINE_INFO(1)
     118                    .battr "mspabi", Tag_File, 1, Tag_enum_size(3)
     119            
     120            ;******************************************************************************
     121            ;* TYPE INFORMATION                                                           *
     122            ;******************************************************************************
     123            $C$DW$T$2       .dwtag  DW_TAG_unspecified_type
     124                    .dwattr $C$DW$T$2, DW_AT_name("void")
     125            
     126            $C$DW$T$20      .dwtag  DW_TAG_subroutine_type
     127                    .dwattr $C$DW$T$20, DW_AT_language(DW_LANG_C)
     128            $C$DW$T$21      .dwtag  DW_TAG_pointer_type
     129                    .dwattr $C$DW$T$21, DW_AT_type(*$C$DW$T$20)
     130                    .dwattr $C$DW$T$21, DW_AT_address_class(0x14)
     131            $C$DW$T$22      .dwtag  DW_TAG_typedef, DW_AT_name("__SFR_FARPTR")
     132                    .dwattr $C$DW$T$22, DW_AT_type(*$C$DW$T$21)
     133                    .dwattr $C$DW$T$22, DW_AT_language(DW_LANG_C)
     134                    .dwattr $C$DW$T$22, DW_AT_decl_file("D:/Program Files/ccsv6/ccs_base/msp430/include/msp430f261
     135                    .dwattr $C$DW$T$22, DW_AT_decl_line(0x47)
     136                    .dwattr $C$DW$T$22, DW_AT_decl_column(0x11)
     137            $C$DW$T$4       .dwtag  DW_TAG_base_type
     138                    .dwattr $C$DW$T$4, DW_AT_encoding(DW_ATE_boolean)
     139                    .dwattr $C$DW$T$4, DW_AT_name("bool")
     140                    .dwattr $C$DW$T$4, DW_AT_byte_size(0x01)
     141            $C$DW$T$5       .dwtag  DW_TAG_base_type
     142                    .dwattr $C$DW$T$5, DW_AT_encoding(DW_ATE_signed_char)
     143                    .dwattr $C$DW$T$5, DW_AT_name("signed char")
     144                    .dwattr $C$DW$T$5, DW_AT_byte_size(0x01)
     145            $C$DW$T$6       .dwtag  DW_TAG_base_type
     146                    .dwattr $C$DW$T$6, DW_AT_encoding(DW_ATE_unsigned_char)
     147                    .dwattr $C$DW$T$6, DW_AT_name("unsigned char")
     148                    .dwattr $C$DW$T$6, DW_AT_byte_size(0x01)
     149            $C$DW$T$7       .dwtag  DW_TAG_base_type
     150                    .dwattr $C$DW$T$7, DW_AT_encoding(DW_ATE_signed_char)
     151                    .dwattr $C$DW$T$7, DW_AT_name("wchar_t")
     152                    .dwattr $C$DW$T$7, DW_AT_byte_size(0x02)
     153            $C$DW$T$8       .dwtag  DW_TAG_base_type
     154                    .dwattr $C$DW$T$8, DW_AT_encoding(DW_ATE_signed)
     155                    .dwattr $C$DW$T$8, DW_AT_name("short")
     156                    .dwattr $C$DW$T$8, DW_AT_byte_size(0x02)
     157            $C$DW$T$9       .dwtag  DW_TAG_base_type
MSP430 Assembler PC v4.4.3 Sat Aug 08 16:57:44 2015

Tools Copyright (c) 2003-2015 Texas Instruments Incorporated
delay.asm                                                            PAGE    4

     158                    .dwattr $C$DW$T$9, DW_AT_encoding(DW_ATE_unsigned)
     159                    .dwattr $C$DW$T$9, DW_AT_name("unsigned short")
     160                    .dwattr $C$DW$T$9, DW_AT_byte_size(0x02)
     161            $C$DW$T$10      .dwtag  DW_TAG_base_type
     162                    .dwattr $C$DW$T$10, DW_AT_encoding(DW_ATE_signed)
     163                    .dwattr $C$DW$T$10, DW_AT_name("int")
     164                    .dwattr $C$DW$T$10, DW_AT_byte_size(0x02)
     165            $C$DW$T$11      .dwtag  DW_TAG_base_type
     166                    .dwattr $C$DW$T$11, DW_AT_encoding(DW_ATE_unsigned)
     167                    .dwattr $C$DW$T$11, DW_AT_name("unsigned int")
     168                    .dwattr $C$DW$T$11, DW_AT_byte_size(0x02)
     169            $C$DW$6 .dwtag  DW_TAG_TI_far_type
     170                    .dwattr $C$DW$6, DW_AT_type(*$C$DW$T$11)
     171            $C$DW$T$23      .dwtag  DW_TAG_volatile_type
     172                    .dwattr $C$DW$T$23, DW_AT_type(*$C$DW$6)
     173            $C$DW$T$12      .dwtag  DW_TAG_base_type
     174                    .dwattr $C$DW$T$12, DW_AT_encoding(DW_ATE_signed)
     175                    .dwattr $C$DW$T$12, DW_AT_name("long")
     176                    .dwattr $C$DW$T$12, DW_AT_byte_size(0x04)
     177            $C$DW$T$13      .dwtag  DW_TAG_base_type
     178                    .dwattr $C$DW$T$13, DW_AT_encoding(DW_ATE_unsigned)
     179                    .dwattr $C$DW$T$13, DW_AT_name("unsigned long")
     180                    .dwattr $C$DW$T$13, DW_AT_byte_size(0x04)
     181            $C$DW$T$14      .dwtag  DW_TAG_base_type
     182                    .dwattr $C$DW$T$14, DW_AT_encoding(DW_ATE_signed)
     183                    .dwattr $C$DW$T$14, DW_AT_name("long long")
     184                    .dwattr $C$DW$T$14, DW_AT_byte_size(0x08)
     185            $C$DW$T$15      .dwtag  DW_TAG_base_type
     186                    .dwattr $C$DW$T$15, DW_AT_encoding(DW_ATE_unsigned)
     187                    .dwattr $C$DW$T$15, DW_AT_name("unsigned long long")
     188                    .dwattr $C$DW$T$15, DW_AT_byte_size(0x08)
     189            $C$DW$T$16      .dwtag  DW_TAG_base_type
     190                    .dwattr $C$DW$T$16, DW_AT_encoding(DW_ATE_float)
     191                    .dwattr $C$DW$T$16, DW_AT_name("float")
     192                    .dwattr $C$DW$T$16, DW_AT_byte_size(0x04)
     193            $C$DW$T$17      .dwtag  DW_TAG_base_type
     194                    .dwattr $C$DW$T$17, DW_AT_encoding(DW_ATE_float)
     195                    .dwattr $C$DW$T$17, DW_AT_name("double")
     196                    .dwattr $C$DW$T$17, DW_AT_byte_size(0x08)
     197            $C$DW$T$18      .dwtag  DW_TAG_base_type
     198                    .dwattr $C$DW$T$18, DW_AT_encoding(DW_ATE_float)
     199                    .dwattr $C$DW$T$18, DW_AT_name("long double")
     200                    .dwattr $C$DW$T$18, DW_AT_byte_size(0x08)
     201            $C$DW$T$25      .dwtag  DW_TAG_pointer_type
     202                    .dwattr $C$DW$T$25, DW_AT_type(*$C$DW$T$6)
     203                    .dwattr $C$DW$T$25, DW_AT_address_class(0x14)
     204            $C$DW$T$26      .dwtag  DW_TAG_typedef, DW_AT_name("__builtin_va_list")
     205                    .dwattr $C$DW$T$26, DW_AT_type(*$C$DW$T$25)
     206                    .dwattr $C$DW$T$26, DW_AT_language(DW_LANG_C)
     207                    .dwattr $C$DW$T$26, DW_AT_decl_file("../delay.c")
     208                    .dwattr $C$DW$T$26, DW_AT_decl_line(0x0c)
     209                    .dwattr $C$DW$T$26, DW_AT_decl_column(0x01)
     210                    .dwattr $C$DW$CU, DW_AT_language(DW_LANG_C)
     211            
     212            ;***************************************************************
MSP430 Assembler PC v4.4.3 Sat Aug 08 16:57:44 2015

Tools Copyright (c) 2003-2015 Texas Instruments Incorporated
delay.asm                                                            PAGE    5

     213            ;* DWARF CIE ENTRIES                                           *
     214            ;***************************************************************
     215            
     216            $C$DW$CIE       .dwcie 16
     217                    .dwcfi  cfa_register, 1
     218                    .dwcfi  cfa_offset, 0
     219                    .dwcfi  same_value, 0
     220                    .dwcfi  same_value, 1
     221                    .dwcfi  undefined, 2
     222                    .dwcfi  same_value, 3
     223                    .dwcfi  same_value, 4
     224                    .dwcfi  same_value, 5
     225                    .dwcfi  same_value, 6
     226                    .dwcfi  same_value, 7
     227                    .dwcfi  same_value, 8
     228                    .dwcfi  same_value, 9
     229                    .dwcfi  same_value, 10
     230                    .dwcfi  undefined, 11
     231                    .dwcfi  undefined, 12
     232                    .dwcfi  undefined, 13
     233                    .dwcfi  undefined, 14
     234                    .dwcfi  undefined, 15
     235                    .dwcfi  undefined, 16
     236                    .dwendentry
     237            
     238            ;***************************************************************
     239            ;* DWARF REGISTER MAP                                          *
     240            ;***************************************************************
     241            
     242            $C$DW$7 .dwtag  DW_TAG_TI_assign_register, DW_AT_name("PC")
     243                    .dwattr $C$DW$7, DW_AT_location[DW_OP_reg0]
     244            $C$DW$8 .dwtag  DW_TAG_TI_assign_register, DW_AT_name("SP")
     245                    .dwattr $C$DW$8, DW_AT_location[DW_OP_reg1]
     246            $C$DW$9 .dwtag  DW_TAG_TI_assign_register, DW_AT_name("SR")
     247                    .dwattr $C$DW$9, DW_AT_location[DW_OP_reg2]
     248            $C$DW$10        .dwtag  DW_TAG_TI_assign_register, DW_AT_name("CG")
     249                    .dwattr $C$DW$10, DW_AT_location[DW_OP_reg3]
     250            $C$DW$11        .dwtag  DW_TAG_TI_assign_register, DW_AT_name("r4")
     251                    .dwattr $C$DW$11, DW_AT_location[DW_OP_reg4]
     252            $C$DW$12        .dwtag  DW_TAG_TI_assign_register, DW_AT_name("r5")
     253                    .dwattr $C$DW$12, DW_AT_location[DW_OP_reg5]
     254            $C$DW$13        .dwtag  DW_TAG_TI_assign_register, DW_AT_name("r6")
     255                    .dwattr $C$DW$13, DW_AT_location[DW_OP_reg6]
     256            $C$DW$14        .dwtag  DW_TAG_TI_assign_register, DW_AT_name("r7")
     257                    .dwattr $C$DW$14, DW_AT_location[DW_OP_reg7]
     258            $C$DW$15        .dwtag  DW_TAG_TI_assign_register, DW_AT_name("r8")
     259                    .dwattr $C$DW$15, DW_AT_location[DW_OP_reg8]
     260            $C$DW$16        .dwtag  DW_TAG_TI_assign_register, DW_AT_name("r9")
     261                    .dwattr $C$DW$16, DW_AT_location[DW_OP_reg9]
     262            $C$DW$17        .dwtag  DW_TAG_TI_assign_register, DW_AT_name("r10")
     263                    .dwattr $C$DW$17, DW_AT_location[DW_OP_reg10]
     264            $C$DW$18        .dwtag  DW_TAG_TI_assign_register, DW_AT_name("r11")
     265                    .dwattr $C$DW$18, DW_AT_location[DW_OP_reg11]
     266            $C$DW$19        .dwtag  DW_TAG_TI_assign_register, DW_AT_name("r12")
     267                    .dwattr $C$DW$19, DW_AT_location[DW_OP_reg12]
MSP430 Assembler PC v4.4.3 Sat Aug 08 16:57:44 2015

Tools Copyright (c) 2003-2015 Texas Instruments Incorporated
delay.asm                                                            PAGE    6

     268            $C$DW$20        .dwtag  DW_TAG_TI_assign_register, DW_AT_name("r13")
     269                    .dwattr $C$DW$20, DW_AT_location[DW_OP_reg13]
     270            $C$DW$21        .dwtag  DW_TAG_TI_assign_register, DW_AT_name("r14")
     271                    .dwattr $C$DW$21, DW_AT_location[DW_OP_reg14]
     272            $C$DW$22        .dwtag  DW_TAG_TI_assign_register, DW_AT_name("r15")
     273                    .dwattr $C$DW$22, DW_AT_location[DW_OP_reg15]
     274            $C$DW$23        .dwtag  DW_TAG_TI_assign_register, DW_AT_name("CIE_RETA")
     275                    .dwattr $C$DW$23, DW_AT_location[DW_OP_reg16]
     276                    .dwendtag $C$DW$CU
     277            

No Assembly Errors, No Assembly Warnings
