MSP430 Assembler PC v4.4.3 Sat Aug 08 16:57:45 2015

Tools Copyright (c) 2003-2015 Texas Instruments Incorporated
uart.asm                                                             PAGE    1

       1            ;******************************************************************************
       2            ;* MSP430 C/C++ Codegen                                             PC v4.4.3 *
       3            ;* Date/Time created: Sat Aug 08 16:57:45 2015                                *
       4            ;******************************************************************************
       5                    .compiler_opts --abi=eabi --diag_wrap=off --hll_source=on --mem_model:code=large --mem_model:d
       6            
       7            $C$DW$CU        .dwtag  DW_TAG_compile_unit
       8                    .dwattr $C$DW$CU, DW_AT_name("../uart.c")
       9                    .dwattr $C$DW$CU, DW_AT_producer("TI MSP430 C/C++ Codegen PC v4.4.3 Copyright (c) 2003-2015 Te
      10                    .dwattr $C$DW$CU, DW_AT_TI_version(0x01)
      11                    .dwattr $C$DW$CU, DW_AT_comp_dir("F:\Study\Work\CCS_Workspace\PUF\Debug")
      12            $C$DW$1 .dwtag  DW_TAG_variable, DW_AT_name("UC1IE")
      13                    .dwattr $C$DW$1, DW_AT_TI_symbol_name("UC1IE")
      14                    .dwattr $C$DW$1, DW_AT_type(*$C$DW$T$25)
      15                    .dwattr $C$DW$1, DW_AT_declaration
      16                    .dwattr $C$DW$1, DW_AT_external
      17                    .dwattr $C$DW$1, DW_AT_decl_file("D:/Program Files/ccsv6/ccs_base/msp430/include/msp430f2618.h
      18                    .dwattr $C$DW$1, DW_AT_decl_line(0xb9)
      19                    .dwattr $C$DW$1, DW_AT_decl_column(0x01)
      20            $C$DW$2 .dwtag  DW_TAG_variable, DW_AT_name("UC1IFG")
      21                    .dwattr $C$DW$2, DW_AT_TI_symbol_name("UC1IFG")
      22                    .dwattr $C$DW$2, DW_AT_type(*$C$DW$T$25)
      23                    .dwattr $C$DW$2, DW_AT_declaration
      24                    .dwattr $C$DW$2, DW_AT_external
      25                    .dwattr $C$DW$2, DW_AT_decl_file("D:/Program Files/ccsv6/ccs_base/msp430/include/msp430f2618.h
      26                    .dwattr $C$DW$2, DW_AT_decl_line(0xbf)
      27                    .dwattr $C$DW$2, DW_AT_decl_column(0x01)
      28            $C$DW$3 .dwtag  DW_TAG_variable, DW_AT_name("DCOCTL")
      29                    .dwattr $C$DW$3, DW_AT_TI_symbol_name("DCOCTL")
      30                    .dwattr $C$DW$3, DW_AT_type(*$C$DW$T$25)
      31                    .dwattr $C$DW$3, DW_AT_declaration
      32                    .dwattr $C$DW$3, DW_AT_external
      33                    .dwattr $C$DW$3, DW_AT_decl_file("D:/Program Files/ccsv6/ccs_base/msp430/include/msp430f2618.h
      34                    .dwattr $C$DW$3, DW_AT_decl_line(0x1a8)
      35                    .dwattr $C$DW$3, DW_AT_decl_column(0x01)
      36            $C$DW$4 .dwtag  DW_TAG_variable, DW_AT_name("BCSCTL1")
      37                    .dwattr $C$DW$4, DW_AT_TI_symbol_name("BCSCTL1")
      38                    .dwattr $C$DW$4, DW_AT_type(*$C$DW$T$25)
      39                    .dwattr $C$DW$4, DW_AT_declaration
      40                    .dwattr $C$DW$4, DW_AT_external
      41                    .dwattr $C$DW$4, DW_AT_decl_file("D:/Program Files/ccsv6/ccs_base/msp430/include/msp430f2618.h
      42                    .dwattr $C$DW$4, DW_AT_decl_line(0x1a9)
      43                    .dwattr $C$DW$4, DW_AT_decl_column(0x01)
      44            $C$DW$5 .dwtag  DW_TAG_variable, DW_AT_name("P3DIR")
      45                    .dwattr $C$DW$5, DW_AT_TI_symbol_name("P3DIR")
      46                    .dwattr $C$DW$5, DW_AT_type(*$C$DW$T$25)
      47                    .dwattr $C$DW$5, DW_AT_declaration
      48                    .dwattr $C$DW$5, DW_AT_external
      49                    .dwattr $C$DW$5, DW_AT_decl_file("D:/Program Files/ccsv6/ccs_base/msp430/include/msp430f2618.h
      50                    .dwattr $C$DW$5, DW_AT_decl_line(0x33d)
      51                    .dwattr $C$DW$5, DW_AT_decl_column(0x01)
      52            $C$DW$6 .dwtag  DW_TAG_variable, DW_AT_name("P3SEL")
      53                    .dwattr $C$DW$6, DW_AT_TI_symbol_name("P3SEL")
      54                    .dwattr $C$DW$6, DW_AT_type(*$C$DW$T$25)
      55                    .dwattr $C$DW$6, DW_AT_declaration
MSP430 Assembler PC v4.4.3 Sat Aug 08 16:57:45 2015

Tools Copyright (c) 2003-2015 Texas Instruments Incorporated
uart.asm                                                             PAGE    2

      56                    .dwattr $C$DW$6, DW_AT_external
      57                    .dwattr $C$DW$6, DW_AT_decl_file("D:/Program Files/ccsv6/ccs_base/msp430/include/msp430f2618.h
      58                    .dwattr $C$DW$6, DW_AT_decl_line(0x33e)
      59                    .dwattr $C$DW$6, DW_AT_decl_column(0x01)
      60            $C$DW$7 .dwtag  DW_TAG_variable, DW_AT_name("UCA1CTL1")
      61                    .dwattr $C$DW$7, DW_AT_TI_symbol_name("UCA1CTL1")
      62                    .dwattr $C$DW$7, DW_AT_type(*$C$DW$T$25)
      63                    .dwattr $C$DW$7, DW_AT_declaration
      64                    .dwattr $C$DW$7, DW_AT_external
      65                    .dwattr $C$DW$7, DW_AT_decl_file("D:/Program Files/ccsv6/ccs_base/msp430/include/msp430f2618.h
      66                    .dwattr $C$DW$7, DW_AT_decl_line(0x4a0)
      67                    .dwattr $C$DW$7, DW_AT_decl_column(0x01)
      68            $C$DW$8 .dwtag  DW_TAG_variable, DW_AT_name("UCA1BR0")
      69                    .dwattr $C$DW$8, DW_AT_TI_symbol_name("UCA1BR0")
      70                    .dwattr $C$DW$8, DW_AT_type(*$C$DW$T$25)
      71                    .dwattr $C$DW$8, DW_AT_declaration
      72                    .dwattr $C$DW$8, DW_AT_external
      73                    .dwattr $C$DW$8, DW_AT_decl_file("D:/Program Files/ccsv6/ccs_base/msp430/include/msp430f2618.h
      74                    .dwattr $C$DW$8, DW_AT_decl_line(0x4a1)
      75                    .dwattr $C$DW$8, DW_AT_decl_column(0x01)
      76            $C$DW$9 .dwtag  DW_TAG_variable, DW_AT_name("UCA1BR1")
      77                    .dwattr $C$DW$9, DW_AT_TI_symbol_name("UCA1BR1")
      78                    .dwattr $C$DW$9, DW_AT_type(*$C$DW$T$25)
      79                    .dwattr $C$DW$9, DW_AT_declaration
      80                    .dwattr $C$DW$9, DW_AT_external
      81                    .dwattr $C$DW$9, DW_AT_decl_file("D:/Program Files/ccsv6/ccs_base/msp430/include/msp430f2618.h
      82                    .dwattr $C$DW$9, DW_AT_decl_line(0x4a2)
      83                    .dwattr $C$DW$9, DW_AT_decl_column(0x01)
      84            $C$DW$10        .dwtag  DW_TAG_variable, DW_AT_name("UCA1MCTL")
      85                    .dwattr $C$DW$10, DW_AT_TI_symbol_name("UCA1MCTL")
      86                    .dwattr $C$DW$10, DW_AT_type(*$C$DW$T$25)
      87                    .dwattr $C$DW$10, DW_AT_declaration
      88                    .dwattr $C$DW$10, DW_AT_external
      89                    .dwattr $C$DW$10, DW_AT_decl_file("D:/Program Files/ccsv6/ccs_base/msp430/include/msp430f2618.
      90                    .dwattr $C$DW$10, DW_AT_decl_line(0x4a3)
      91                    .dwattr $C$DW$10, DW_AT_decl_column(0x01)
      92            $C$DW$11        .dwtag  DW_TAG_variable, DW_AT_name("UCA1TXBUF")
      93                    .dwattr $C$DW$11, DW_AT_TI_symbol_name("UCA1TXBUF")
      94                    .dwattr $C$DW$11, DW_AT_type(*$C$DW$T$25)
      95                    .dwattr $C$DW$11, DW_AT_declaration
      96                    .dwattr $C$DW$11, DW_AT_external
      97                    .dwattr $C$DW$11, DW_AT_decl_file("D:/Program Files/ccsv6/ccs_base/msp430/include/msp430f2618.
      98                    .dwattr $C$DW$11, DW_AT_decl_line(0x4a6)
      99                    .dwattr $C$DW$11, DW_AT_decl_column(0x01)
     100            $C$DW$12        .dwtag  DW_TAG_variable, DW_AT_name("WDTCTL")
     101                    .dwattr $C$DW$12, DW_AT_TI_symbol_name("WDTCTL")
     102                    .dwattr $C$DW$12, DW_AT_type(*$C$DW$T$26)
     103                    .dwattr $C$DW$12, DW_AT_declaration
     104                    .dwattr $C$DW$12, DW_AT_external
     105                    .dwattr $C$DW$12, DW_AT_decl_file("D:/Program Files/ccsv6/ccs_base/msp430/include/msp430f2618.
     106                    .dwattr $C$DW$12, DW_AT_decl_line(0x562)
     107                    .dwattr $C$DW$12, DW_AT_decl_column(0x01)
     108                    .global flag
     109 000000               .data
     110                    .align  2
MSP430 Assembler PC v4.4.3 Sat Aug 08 16:57:45 2015

Tools Copyright (c) 2003-2015 Texas Instruments Incorporated
uart.asm                                                             PAGE    3

     111                    .elfsym flag,SYM_SIZE(2)
     112 000000       flag:
     113 000000 0000          .bits   0,16                    ; flag @ 0
     114            
     115            $C$DW$13        .dwtag  DW_TAG_variable, DW_AT_name("flag")
     116                    .dwattr $C$DW$13, DW_AT_TI_symbol_name("flag")
     117                    .dwattr $C$DW$13, DW_AT_location[DW_OP_addr flag]
     118                    .dwattr $C$DW$13, DW_AT_type(*$C$DW$T$10)
     119                    .dwattr $C$DW$13, DW_AT_external
     120                    .dwattr $C$DW$13, DW_AT_decl_file("../uart.c")
     121                    .dwattr $C$DW$13, DW_AT_decl_line(0x05)
     122                    .dwattr $C$DW$13, DW_AT_decl_column(0x05)
     123            ;       D:\Program Files\ccsv6\tools\compiler\ti-cgt-msp430_4.4.3\bin\opt430.exe C:\\Users\\user\\AppD
     124 000000               .sect   ".text:uart_init"
     125                    .clink
     126                    .global uart_init
     127            
     128            $C$DW$14        .dwtag  DW_TAG_subprogram, DW_AT_name("uart_init")
     129                    .dwattr $C$DW$14, DW_AT_low_pc(uart_init)
     130                    .dwattr $C$DW$14, DW_AT_high_pc(0x00)
     131                    .dwattr $C$DW$14, DW_AT_TI_symbol_name("uart_init")
     132                    .dwattr $C$DW$14, DW_AT_external
     133                    .dwattr $C$DW$14, DW_AT_TI_begin_file("../uart.c")
     134                    .dwattr $C$DW$14, DW_AT_TI_begin_line(0x07)
     135                    .dwattr $C$DW$14, DW_AT_TI_begin_column(0x06)
     136                    .dwattr $C$DW$14, DW_AT_decl_file("../uart.c")
     137                    .dwattr $C$DW$14, DW_AT_decl_line(0x07)
     138                    .dwattr $C$DW$14, DW_AT_decl_column(0x06)
     139                    .dwattr $C$DW$14, DW_AT_TI_max_frame_size(0x04)
     140                    .dwpsn  file "../uart.c",line 7,column 21,is_stmt,address uart_init,isa 0
     141            
     142                    .dwfde $C$DW$CIE, uart_init
     143            
     144            ;*****************************************************************************
     145            ;* FUNCTION NAME: uart_init                                                  *
     146            ;*                                                                           *
     147            ;*   Regs Modified     : SP                                                  *
     148            ;*   Regs Used         : SP                                                  *
     149            ;*   Local Frame Size  : 0 Args + 0 Auto + 0 Save = 0 byte                   *
     150            ;*****************************************************************************
     151 000000       uart_init:
     152            ;* --------------------------------------------------------------------------*
     153                    .dwcfi  cfa_offset, 4
     154                    .dwcfi  save_reg_to_mem, 16, -4
     155                    .dwpsn  file "../uart.c",line 9,column 2,is_stmt,isa 0
     156 000000 40B2          MOV.W     #23168,&WDTCTL+0      ; [] |9| 
         000002 5A80 
         000004 0000!
     157                    .dwpsn  file "../uart.c",line 10,column 2,is_stmt,isa 0
     158 000006 D0F2          OR.B      #192,&P3SEL+0         ; [] |10| 
         000008 00C0 
         00000a 0000!
     159                    .dwpsn  file "../uart.c",line 11,column 9,is_stmt,isa 0
     160 00000c D0F2          OR.B      #64,&P3DIR+0          ; [] |11| 
         00000e 0040 
MSP430 Assembler PC v4.4.3 Sat Aug 08 16:57:45 2015

Tools Copyright (c) 2003-2015 Texas Instruments Incorporated
uart.asm                                                             PAGE    4

         000010 0000!
     161                    .dwpsn  file "../uart.c",line 14,column 2,is_stmt,isa 0
     162 000012 C3D2          BIC.B     #1,&UCA1CTL1+0        ; [] |14| 
         000014 0000!
     163                    .dwpsn  file "../uart.c",line 15,column 2,is_stmt,isa 0
     164 000016 D0F2          OR.B      #3,&UC1IE+0           ; [] |15| 
         000018 0003 
         00001a 0000!
     165                    .dwpsn  file "../uart.c",line 16,column 1,is_stmt,isa 0
     166            $C$DW$15        .dwtag  DW_TAG_TI_branch
     167                    .dwattr $C$DW$15, DW_AT_low_pc(0x00)
     168                    .dwattr $C$DW$15, DW_AT_TI_return
     169 00001c 0110          RETA      ; [] 
     170                    ; [] 
     171                    .dwattr $C$DW$14, DW_AT_TI_end_file("../uart.c")
     172                    .dwattr $C$DW$14, DW_AT_TI_end_line(0x10)
     173                    .dwattr $C$DW$14, DW_AT_TI_end_column(0x01)
     174                    .dwendentry
     175                    .dwendtag $C$DW$14
     176            
     177 000000               .sect   ".text:transmit_4800"
     178                    .clink
     179                    .global transmit_4800
     180            
     181            $C$DW$16        .dwtag  DW_TAG_subprogram, DW_AT_name("transmit_4800")
     182                    .dwattr $C$DW$16, DW_AT_low_pc(transmit_4800)
     183                    .dwattr $C$DW$16, DW_AT_high_pc(0x00)
     184                    .dwattr $C$DW$16, DW_AT_TI_symbol_name("transmit_4800")
     185                    .dwattr $C$DW$16, DW_AT_external
     186                    .dwattr $C$DW$16, DW_AT_TI_begin_file("../uart.c")
     187                    .dwattr $C$DW$16, DW_AT_TI_begin_line(0x12)
     188                    .dwattr $C$DW$16, DW_AT_TI_begin_column(0x06)
     189                    .dwattr $C$DW$16, DW_AT_decl_file("../uart.c")
     190                    .dwattr $C$DW$16, DW_AT_decl_line(0x12)
     191                    .dwattr $C$DW$16, DW_AT_decl_column(0x06)
     192                    .dwattr $C$DW$16, DW_AT_TI_max_frame_size(0x04)
     193                    .dwpsn  file "../uart.c",line 19,column 1,is_stmt,address transmit_4800,isa 0
     194            
     195                    .dwfde $C$DW$CIE, transmit_4800
     196            $C$DW$17        .dwtag  DW_TAG_formal_parameter, DW_AT_name("send")
     197                    .dwattr $C$DW$17, DW_AT_TI_symbol_name("send")
     198                    .dwattr $C$DW$17, DW_AT_type(*$C$DW$T$6)
     199                    .dwattr $C$DW$17, DW_AT_location[DW_OP_reg12]
     200            
     201            ;*****************************************************************************
     202            ;* FUNCTION NAME: transmit_4800                                              *
     203            ;*                                                                           *
     204            ;*   Regs Modified     : SP,SR                                               *
     205            ;*   Regs Used         : SP,SR,r12                                           *
     206            ;*   Local Frame Size  : 0 Args + 0 Auto + 0 Save = 0 byte                   *
     207            ;*****************************************************************************
     208 000000       transmit_4800:
     209            ;* --------------------------------------------------------------------------*
     210                    .dwcfi  cfa_offset, 4
     211                    .dwcfi  save_reg_to_mem, 16, -4
MSP430 Assembler PC v4.4.3 Sat Aug 08 16:57:45 2015

Tools Copyright (c) 2003-2015 Texas Instruments Incorporated
uart.asm                                                             PAGE    5

     212            ;* r12   assigned to send
     213            $C$DW$18        .dwtag  DW_TAG_variable, DW_AT_name("send")
     214                    .dwattr $C$DW$18, DW_AT_TI_symbol_name("send")
     215                    .dwattr $C$DW$18, DW_AT_type(*$C$DW$T$6)
     216                    .dwattr $C$DW$18, DW_AT_location[DW_OP_reg12]
     217                    .dwpsn  file "../uart.c",line 20,column 2,is_stmt,isa 0
     218 000000 9382          TST.W     &flag+0               ; [] |20| 
         000002 0000!
     219 000004 201B          JNE       $C$L1                 ; [] |20| 
     220                                                      ; [] |20| 
     221            ;* --------------------------------------------------------------------------*
     222                    .dwpsn  file "../uart.c",line 21,column 3,is_stmt,isa 0
     223 000006 40B2          MOV.W     #23168,&WDTCTL+0      ; [] |21| 
         000008 5A80 
         00000a 0000!
     224                    .dwpsn  file "../uart.c",line 22,column 3,is_stmt,isa 0
     225 00000c D0F2          OR.B      #192,&P3SEL+0         ; [] |22| 
         00000e 00C0 
         000010 0000!
     226                    .dwpsn  file "../uart.c",line 23,column 10,is_stmt,isa 0
     227 000012 D0F2          OR.B      #64,&P3DIR+0          ; [] |23| 
         000014 0040 
         000016 0000!
     228                    .dwpsn  file "../uart.c",line 25,column 10,is_stmt,isa 0
     229 000018 D0F2          OR.B      #64,&UCA1CTL1+0       ; [] |25| 
         00001a 0040 
         00001c 0000!
     230                    .dwpsn  file "../uart.c",line 28,column 10,is_stmt,isa 0
     231 00001e 43C2          MOV.B     #0,&UCA1BR1+0         ; [] |28| 
         000020 0000!
     232                    .dwpsn  file "../uart.c",line 29,column 10,is_stmt,isa 0
     233 000022 40F2          MOV.B     #6,&UCA1BR0+0         ; [] |29| 
         000024 0006 
         000026 0000!
     234                    .dwpsn  file "../uart.c",line 31,column 3,is_stmt,isa 0
     235 000028 40F2          MOV.B     #12,&UCA1MCTL+0       ; [] |31| 
         00002a 000C 
         00002c 0000!
     236                    .dwpsn  file "../uart.c",line 33,column 10,is_stmt,isa 0
     237 00002e C3D2          BIC.B     #1,&UCA1CTL1+0        ; [] |33| 
         000030 0000!
     238                    .dwpsn  file "../uart.c",line 35,column 10,is_stmt,isa 0
     239 000032 D0F2          OR.B      #3,&UC1IE+0           ; [] |35| 
         000034 0003 
         000036 0000!
     240                    .dwpsn  file "../uart.c",line 36,column 3,is_stmt,isa 0
     241 000038 4392          MOV.W     #1,&flag+0            ; [] |36| 
         00003a 0000!
     242            ;* --------------------------------------------------------------------------*
     243            ;*   BEGIN LOOP $C$L1
     244            ;*
     245            ;*   Loop source line                : 40
     246            ;*   Loop closing brace source line  : 40
     247            ;*   Known Minimum Trip Count        : 1
     248            ;*   Known Maximum Trip Count        : 4294967295
MSP430 Assembler PC v4.4.3 Sat Aug 08 16:57:45 2015

Tools Copyright (c) 2003-2015 Texas Instruments Incorporated
uart.asm                                                             PAGE    6

     249            ;*   Known Max Trip Count Factor     : 1
     250            ;* --------------------------------------------------------------------------*
     251 00003c       $C$L1:    
     252                    .dwpsn  file "../uart.c",line 40,column 15,is_stmt,isa 0
     253 00003c B3E2          BIT.B     #2,&UC1IFG+0          ; [] |40| 
         00003e 0000!
     254 000040 27FD          JEQ       $C$L1                 ; [] |40| 
     255                                                      ; [] |40| 
     256            ;* --------------------------------------------------------------------------*
     257                    .dwpsn  file "../uart.c",line 41,column 10,is_stmt,isa 0
     258 000042 4CC2          MOV.B     r12,&UCA1TXBUF+0      ; [] |41| 
         000044 0000!
     259                    .dwpsn  file "../uart.c",line 44,column 1,is_stmt,isa 0
     260            $C$DW$19        .dwtag  DW_TAG_TI_branch
     261                    .dwattr $C$DW$19, DW_AT_low_pc(0x00)
     262                    .dwattr $C$DW$19, DW_AT_TI_return
     263 000046 0110          RETA      ; [] 
     264                    ; [] 
     265                    .dwattr $C$DW$16, DW_AT_TI_end_file("../uart.c")
     266                    .dwattr $C$DW$16, DW_AT_TI_end_line(0x2c)
     267                    .dwattr $C$DW$16, DW_AT_TI_end_column(0x01)
     268                    .dwendentry
     269                    .dwendtag $C$DW$16
     270            
     271 000000               .sect   ".text:transmit_2400"
     272                    .clink
     273                    .global transmit_2400
     274            
     275            $C$DW$20        .dwtag  DW_TAG_subprogram, DW_AT_name("transmit_2400")
     276                    .dwattr $C$DW$20, DW_AT_low_pc(transmit_2400)
     277                    .dwattr $C$DW$20, DW_AT_high_pc(0x00)
     278                    .dwattr $C$DW$20, DW_AT_TI_symbol_name("transmit_2400")
     279                    .dwattr $C$DW$20, DW_AT_external
     280                    .dwattr $C$DW$20, DW_AT_TI_begin_file("../uart.c")
     281                    .dwattr $C$DW$20, DW_AT_TI_begin_line(0x2e)
     282                    .dwattr $C$DW$20, DW_AT_TI_begin_column(0x06)
     283                    .dwattr $C$DW$20, DW_AT_decl_file("../uart.c")
     284                    .dwattr $C$DW$20, DW_AT_decl_line(0x2e)
     285                    .dwattr $C$DW$20, DW_AT_decl_column(0x06)
     286                    .dwattr $C$DW$20, DW_AT_TI_max_frame_size(0x04)
     287                    .dwpsn  file "../uart.c",line 47,column 1,is_stmt,address transmit_2400,isa 0
     288            
     289                    .dwfde $C$DW$CIE, transmit_2400
     290            $C$DW$21        .dwtag  DW_TAG_formal_parameter, DW_AT_name("send")
     291                    .dwattr $C$DW$21, DW_AT_TI_symbol_name("send")
     292                    .dwattr $C$DW$21, DW_AT_type(*$C$DW$T$6)
     293                    .dwattr $C$DW$21, DW_AT_location[DW_OP_reg12]
     294            
     295            ;*****************************************************************************
     296            ;* FUNCTION NAME: transmit_2400                                              *
     297            ;*                                                                           *
     298            ;*   Regs Modified     : SP,SR,r15                                           *
     299            ;*   Regs Used         : SP,SR,r12,r15                                       *
     300            ;*   Local Frame Size  : 0 Args + 0 Auto + 0 Save = 0 byte                   *
     301            ;*****************************************************************************
MSP430 Assembler PC v4.4.3 Sat Aug 08 16:57:45 2015

Tools Copyright (c) 2003-2015 Texas Instruments Incorporated
uart.asm                                                             PAGE    7

     302 000000       transmit_2400:
     303            ;* --------------------------------------------------------------------------*
     304                    .dwcfi  cfa_offset, 4
     305                    .dwcfi  save_reg_to_mem, 16, -4
     306            ;* r12   assigned to send
     307            $C$DW$22        .dwtag  DW_TAG_variable, DW_AT_name("send")
     308                    .dwattr $C$DW$22, DW_AT_TI_symbol_name("send")
     309                    .dwattr $C$DW$22, DW_AT_type(*$C$DW$T$6)
     310                    .dwattr $C$DW$22, DW_AT_location[DW_OP_reg12]
     311            ;* r15   assigned to x
     312            $C$DW$23        .dwtag  DW_TAG_variable, DW_AT_name("x")
     313                    .dwattr $C$DW$23, DW_AT_TI_symbol_name("x")
     314                    .dwattr $C$DW$23, DW_AT_type(*$C$DW$T$10)
     315                    .dwattr $C$DW$23, DW_AT_location[DW_OP_reg15]
     316                    .dwpsn  file "../uart.c",line 50,column 2,is_stmt,isa 0
     317 000000 9382          TST.W     &flag+0               ; [] |50| 
         000002 0000!
     318 000004 2019          JNE       $C$L2                 ; [] |50| 
     319                                                      ; [] |50| 
     320            ;* --------------------------------------------------------------------------*
     321                    .dwpsn  file "../uart.c",line 51,column 3,is_stmt,isa 0
     322 000006 40B2          MOV.W     #23168,&WDTCTL+0      ; [] |51| 
         000008 5A80 
         00000a 0000!
     323                    .dwpsn  file "../uart.c",line 52,column 3,is_stmt,isa 0
     324 00000c 40F2          MOV.B     #192,&P3SEL+0         ; [] |52| 
         00000e 00C0 
         000010 0000!
     325                    .dwpsn  file "../uart.c",line 54,column 3,is_stmt,isa 0
     326 000012 D3D2          OR.B      #1,&UCA1CTL1+0        ; [] |54| 
         000014 0000!
     327                    .dwpsn  file "../uart.c",line 55,column 3,is_stmt,isa 0
     328 000016 D0F2          OR.B      #64,&UCA1CTL1+0       ; [] |55| 
         000018 0040 
         00001a 0000!
     329                    .dwpsn  file "../uart.c",line 58,column 3,is_stmt,isa 0
     330 00001c 40F2          MOV.B     #13,&UCA1BR0+0        ; [] |58| 
         00001e 000D 
         000020 0000!
     331                    .dwpsn  file "../uart.c",line 59,column 3,is_stmt,isa 0
     332 000022 43C2          MOV.B     #0,&UCA1BR1+0         ; [] |59| 
         000024 0000!
     333                    .dwpsn  file "../uart.c",line 60,column 3,is_stmt,isa 0
     334 000026 D0F2          OR.B      #12,&UCA1MCTL+0       ; [] |60| 
         000028 000C 
         00002a 0000!
     335                    .dwpsn  file "../uart.c",line 62,column 3,is_stmt,isa 0
     336 00002c C3D2          BIC.B     #1,&UCA1CTL1+0        ; [] |62| 
         00002e 0000!
     337                    .dwpsn  file "../uart.c",line 63,column 3,is_stmt,isa 0
     338 000030 D3D2          OR.B      #1,&UC1IE+0           ; [] |63| 
         000032 0000!
     339                    .dwpsn  file "../uart.c",line 64,column 3,is_stmt,isa 0
     340 000034 4392          MOV.W     #1,&flag+0            ; [] |64| 
         000036 0000!
MSP430 Assembler PC v4.4.3 Sat Aug 08 16:57:45 2015

Tools Copyright (c) 2003-2015 Texas Instruments Incorporated
uart.asm                                                             PAGE    8

     341            ;* --------------------------------------------------------------------------*
     342            ;*   BEGIN LOOP $C$L2
     343            ;*
     344            ;*   Loop source line                : 67
     345            ;*   Loop closing brace source line  : 67
     346            ;*   Known Minimum Trip Count        : 1
     347            ;*   Known Maximum Trip Count        : 4294967295
     348            ;*   Known Max Trip Count Factor     : 1
     349            ;* --------------------------------------------------------------------------*
     350 000038       $C$L2:    
     351                    .dwpsn  file "../uart.c",line 67,column 17,is_stmt,isa 0
     352 000038 B3E2          BIT.B     #2,&UC1IFG+0          ; [] |67| 
         00003a 0000!
     353 00003c 27FD          JEQ       $C$L2                 ; [] |67| 
     354                                                      ; [] |67| 
     355            ;* --------------------------------------------------------------------------*
     356                    .dwpsn  file "../uart.c",line 68,column 10,is_stmt,isa 0
     357 00003e 4CC2          MOV.B     r12,&UCA1TXBUF+0      ; [] |68| 
         000040 0000!
     358                    .dwpsn  file "../uart.c",line 71,column 11,is_stmt,isa 0
     359 000042 430F          MOV.W     #0,r15                ; [] |71| 
     360 000044 903F          CMP.W     #1001,r15             ; [] |71| 
         000046 03E9 
     361 000048 3404          JGE       $C$L4                 ; [] |71| 
     362                                                      ; [] |71| 
     363            ;* --------------------------------------------------------------------------*
     364            ;*   BEGIN LOOP $C$L3
     365            ;*
     366            ;*   Loop source line                : 71
     367            ;*   Loop closing brace source line  : 71
     368            ;*   Known Minimum Trip Count        : 1
     369            ;*   Known Maximum Trip Count        : 4294967295
     370            ;*   Known Max Trip Count Factor     : 1
     371            ;* --------------------------------------------------------------------------*
     372 00004a       $C$L3:    
     373                    .dwpsn  file "../uart.c",line 71,column 19,is_stmt,isa 0
     374 00004a 531F          ADD.W     #1,r15                ; [] |71| 
     375 00004c 903F          CMP.W     #1001,r15             ; [] |71| 
         00004e 03E9 
     376 000050 3BFC          JL        $C$L3                 ; [] |71| 
     377                                                      ; [] |71| 
     378            ;* --------------------------------------------------------------------------*
     379 000052       $C$L4:    
     380                    .dwpsn  file "../uart.c",line 72,column 1,is_stmt,isa 0
     381            $C$DW$24        .dwtag  DW_TAG_TI_branch
     382                    .dwattr $C$DW$24, DW_AT_low_pc(0x00)
     383                    .dwattr $C$DW$24, DW_AT_TI_return
     384 000052 0110          RETA      ; [] 
     385                    ; [] 
     386                    .dwattr $C$DW$20, DW_AT_TI_end_file("../uart.c")
     387                    .dwattr $C$DW$20, DW_AT_TI_end_line(0x48)
     388                    .dwattr $C$DW$20, DW_AT_TI_end_column(0x01)
     389                    .dwendentry
     390                    .dwendtag $C$DW$20
     391            
MSP430 Assembler PC v4.4.3 Sat Aug 08 16:57:45 2015

Tools Copyright (c) 2003-2015 Texas Instruments Incorporated
uart.asm                                                             PAGE    9

     392 000000               .sect   ".text:transmit_115200"
     393                    .clink
     394                    .global transmit_115200
     395            
     396            $C$DW$25        .dwtag  DW_TAG_subprogram, DW_AT_name("transmit_115200")
     397                    .dwattr $C$DW$25, DW_AT_low_pc(transmit_115200)
     398                    .dwattr $C$DW$25, DW_AT_high_pc(0x00)
     399                    .dwattr $C$DW$25, DW_AT_TI_symbol_name("transmit_115200")
     400                    .dwattr $C$DW$25, DW_AT_external
     401                    .dwattr $C$DW$25, DW_AT_TI_begin_file("../uart.c")
     402                    .dwattr $C$DW$25, DW_AT_TI_begin_line(0x49)
     403                    .dwattr $C$DW$25, DW_AT_TI_begin_column(0x06)
     404                    .dwattr $C$DW$25, DW_AT_decl_file("../uart.c")
     405                    .dwattr $C$DW$25, DW_AT_decl_line(0x49)
     406                    .dwattr $C$DW$25, DW_AT_decl_column(0x06)
     407                    .dwattr $C$DW$25, DW_AT_TI_max_frame_size(0x04)
     408                    .dwpsn  file "../uart.c",line 74,column 1,is_stmt,address transmit_115200,isa 0
     409            
     410                    .dwfde $C$DW$CIE, transmit_115200
     411            $C$DW$26        .dwtag  DW_TAG_formal_parameter, DW_AT_name("send")
     412                    .dwattr $C$DW$26, DW_AT_TI_symbol_name("send")
     413                    .dwattr $C$DW$26, DW_AT_type(*$C$DW$T$6)
     414                    .dwattr $C$DW$26, DW_AT_location[DW_OP_reg12]
     415            
     416            ;*****************************************************************************
     417            ;* FUNCTION NAME: transmit_115200                                            *
     418            ;*                                                                           *
     419            ;*   Regs Modified     : SP,SR                                               *
     420            ;*   Regs Used         : SP,SR,r12                                           *
     421            ;*   Local Frame Size  : 0 Args + 0 Auto + 0 Save = 0 byte                   *
     422            ;*****************************************************************************
     423 000000       transmit_115200:
     424            ;* --------------------------------------------------------------------------*
     425                    .dwcfi  cfa_offset, 4
     426                    .dwcfi  save_reg_to_mem, 16, -4
     427            ;* r12   assigned to send
     428            $C$DW$27        .dwtag  DW_TAG_variable, DW_AT_name("send")
     429                    .dwattr $C$DW$27, DW_AT_TI_symbol_name("send")
     430                    .dwattr $C$DW$27, DW_AT_type(*$C$DW$T$6)
     431                    .dwattr $C$DW$27, DW_AT_location[DW_OP_reg12]
     432                    .dwpsn  file "../uart.c",line 75,column 2,is_stmt,isa 0
     433 000000 9382          TST.W     &flag+0               ; [] |75| 
         000002 0000!
     434 000004 2025          JNE       $C$L5                 ; [] |75| 
     435                                                      ; [] |75| 
     436            ;* --------------------------------------------------------------------------*
     437                    .dwpsn  file "../uart.c",line 76,column 3,is_stmt,isa 0
     438 000006 40B2          MOV.W     #23168,&WDTCTL+0      ; [] |76| 
         000008 5A80 
         00000a 0000!
     439                    .dwpsn  file "../uart.c",line 77,column 3,is_stmt,isa 0
     440 00000c D0F2          OR.B      #192,&P3SEL+0         ; [] |77| 
         00000e 00C0 
         000010 0000!
     441                    .dwpsn  file "../uart.c",line 78,column 10,is_stmt,isa 0
MSP430 Assembler PC v4.4.3 Sat Aug 08 16:57:45 2015

Tools Copyright (c) 2003-2015 Texas Instruments Incorporated
uart.asm                                                             PAGE   10

     442 000012 D0F2          OR.B      #64,&P3DIR+0          ; [] |78| 
         000014 0040 
         000016 0000!
     443                    .dwpsn  file "../uart.c",line 80,column 10,is_stmt,isa 0
     444 000018 43D2          MOV.B     #1,&UCA1CTL1+0        ; [] |80| 
         00001a 0000!
     445                    .dwpsn  file "../uart.c",line 81,column 9,is_stmt,isa 0
     446 00001c D0F2          OR.B      #128,&UCA1CTL1+0      ; [] |81| 
         00001e 0080 
         000020 0000!
     447                    .dwpsn  file "../uart.c",line 83,column 3,is_stmt,isa 0
     448 000022 43C2          MOV.B     #0,&DCOCTL+0          ; [] |83| 
         000024 0000!
     449                    .dwpsn  file "../uart.c",line 84,column 3,is_stmt,isa 0
     450 000026 40F2          MOV.B     #141,&BCSCTL1+0       ; [] |84| 
         000028 008D 
         00002a 0000!
     451                    .dwpsn  file "../uart.c",line 85,column 3,is_stmt,isa 0
     452 00002c 40F2          MOV.B     #136,&DCOCTL+0        ; [] |85| 
         00002e 0088 
         000030 0000!
     453                    .dwpsn  file "../uart.c",line 86,column 3,is_stmt,isa 0
     454 000032 40F2          MOV.B     #10,&UCA1MCTL+0       ; [] |86| 
         000034 000A 
         000036 0000!
     455                    .dwpsn  file "../uart.c",line 87,column 10,is_stmt,isa 0
     456 000038 43C2          MOV.B     #0,&UCA1BR1+0         ; [] |87| 
         00003a 0000!
     457                    .dwpsn  file "../uart.c",line 88,column 10,is_stmt,isa 0
     458 00003c 40F2          MOV.B     #69,&UCA1BR0+0        ; [] |88| 
         00003e 0045 
         000040 0000!
     459                    .dwpsn  file "../uart.c",line 92,column 10,is_stmt,isa 0
     460 000042 C3D2          BIC.B     #1,&UCA1CTL1+0        ; [] |92| 
         000044 0000!
     461                    .dwpsn  file "../uart.c",line 94,column 10,is_stmt,isa 0
     462 000046 D0F2          OR.B      #3,&UC1IE+0           ; [] |94| 
         000048 0003 
         00004a 0000!
     463                    .dwpsn  file "../uart.c",line 95,column 3,is_stmt,isa 0
     464 00004c 4392          MOV.W     #1,&flag+0            ; [] |95| 
         00004e 0000!
     465            ;* --------------------------------------------------------------------------*
     466            ;*   BEGIN LOOP $C$L5
     467            ;*
     468            ;*   Loop source line                : 99
     469            ;*   Loop closing brace source line  : 99
     470            ;*   Known Minimum Trip Count        : 1
     471            ;*   Known Maximum Trip Count        : 4294967295
     472            ;*   Known Max Trip Count Factor     : 1
     473            ;* --------------------------------------------------------------------------*
     474 000050       $C$L5:    
     475                    .dwpsn  file "../uart.c",line 99,column 15,is_stmt,isa 0
     476 000050 B3E2          BIT.B     #2,&UC1IFG+0          ; [] |99| 
         000052 0000!
MSP430 Assembler PC v4.4.3 Sat Aug 08 16:57:45 2015

Tools Copyright (c) 2003-2015 Texas Instruments Incorporated
uart.asm                                                             PAGE   11

     477 000054 27FD          JEQ       $C$L5                 ; [] |99| 
     478                                                      ; [] |99| 
     479            ;* --------------------------------------------------------------------------*
     480                    .dwpsn  file "../uart.c",line 100,column 10,is_stmt,isa 0
     481 000056 4CC2          MOV.B     r12,&UCA1TXBUF+0      ; [] |100| 
         000058 0000!
     482                    .dwpsn  file "../uart.c",line 103,column 1,is_stmt,isa 0
     483            $C$DW$28        .dwtag  DW_TAG_TI_branch
     484                    .dwattr $C$DW$28, DW_AT_low_pc(0x00)
     485                    .dwattr $C$DW$28, DW_AT_TI_return
     486 00005a 0110          RETA      ; [] 
     487                    ; [] 
     488                    .dwattr $C$DW$25, DW_AT_TI_end_file("../uart.c")
     489                    .dwattr $C$DW$25, DW_AT_TI_end_line(0x67)
     490                    .dwattr $C$DW$25, DW_AT_TI_end_column(0x01)
     491                    .dwendentry
     492                    .dwendtag $C$DW$25
     493            
     494 000000               .sect   ".text:transmit_9600"
     495                    .clink
     496                    .global transmit_9600
     497            
     498            $C$DW$29        .dwtag  DW_TAG_subprogram, DW_AT_name("transmit_9600")
     499                    .dwattr $C$DW$29, DW_AT_low_pc(transmit_9600)
     500                    .dwattr $C$DW$29, DW_AT_high_pc(0x00)
     501                    .dwattr $C$DW$29, DW_AT_TI_symbol_name("transmit_9600")
     502                    .dwattr $C$DW$29, DW_AT_external
     503                    .dwattr $C$DW$29, DW_AT_TI_begin_file("../uart.c")
     504                    .dwattr $C$DW$29, DW_AT_TI_begin_line(0x6a)
     505                    .dwattr $C$DW$29, DW_AT_TI_begin_column(0x06)
     506                    .dwattr $C$DW$29, DW_AT_decl_file("../uart.c")
     507                    .dwattr $C$DW$29, DW_AT_decl_line(0x6a)
     508                    .dwattr $C$DW$29, DW_AT_decl_column(0x06)
     509                    .dwattr $C$DW$29, DW_AT_TI_max_frame_size(0x04)
     510                    .dwpsn  file "../uart.c",line 107,column 1,is_stmt,address transmit_9600,isa 0
     511            
     512                    .dwfde $C$DW$CIE, transmit_9600
     513            $C$DW$30        .dwtag  DW_TAG_formal_parameter, DW_AT_name("send")
     514                    .dwattr $C$DW$30, DW_AT_TI_symbol_name("send")
     515                    .dwattr $C$DW$30, DW_AT_type(*$C$DW$T$6)
     516                    .dwattr $C$DW$30, DW_AT_location[DW_OP_reg12]
     517            
     518            ;*****************************************************************************
     519            ;* FUNCTION NAME: transmit_9600                                              *
     520            ;*                                                                           *
     521            ;*   Regs Modified     : SP,SR                                               *
     522            ;*   Regs Used         : SP,SR,r12                                           *
     523            ;*   Local Frame Size  : 0 Args + 0 Auto + 0 Save = 0 byte                   *
     524            ;*****************************************************************************
     525 000000       transmit_9600:
     526            ;* --------------------------------------------------------------------------*
     527                    .dwcfi  cfa_offset, 4
     528                    .dwcfi  save_reg_to_mem, 16, -4
     529            ;* r12   assigned to send
     530            $C$DW$31        .dwtag  DW_TAG_variable, DW_AT_name("send")
MSP430 Assembler PC v4.4.3 Sat Aug 08 16:57:45 2015

Tools Copyright (c) 2003-2015 Texas Instruments Incorporated
uart.asm                                                             PAGE   12

     531                    .dwattr $C$DW$31, DW_AT_TI_symbol_name("send")
     532                    .dwattr $C$DW$31, DW_AT_type(*$C$DW$T$6)
     533                    .dwattr $C$DW$31, DW_AT_location[DW_OP_reg12]
     534                    .dwpsn  file "../uart.c",line 108,column 2,is_stmt,isa 0
     535 000000 9382          TST.W     &flag+0               ; [] |108| 
         000002 0000!
     536 000004 2023          JNE       $C$L6                 ; [] |108| 
     537                                                      ; [] |108| 
     538            ;* --------------------------------------------------------------------------*
     539                    .dwpsn  file "../uart.c",line 109,column 3,is_stmt,isa 0
     540 000006 40B2          MOV.W     #23168,&WDTCTL+0      ; [] |109| 
         000008 5A80 
         00000a 0000!
     541                    .dwpsn  file "../uart.c",line 110,column 3,is_stmt,isa 0
     542 00000c D0F2          OR.B      #192,&P3SEL+0         ; [] |110| 
         00000e 00C0 
         000010 0000!
     543                    .dwpsn  file "../uart.c",line 111,column 10,is_stmt,isa 0
     544 000012 D0F2          OR.B      #64,&P3DIR+0          ; [] |111| 
         000014 0040 
         000016 0000!
     545                    .dwpsn  file "../uart.c",line 114,column 9,is_stmt,isa 0
     546 000018 D0F2          OR.B      #128,&UCA1CTL1+0      ; [] |114| 
         00001a 0080 
         00001c 0000!
     547                    .dwpsn  file "../uart.c",line 116,column 3,is_stmt,isa 0
     548 00001e 43C2          MOV.B     #0,&DCOCTL+0          ; [] |116| 
         000020 0000!
     549                    .dwpsn  file "../uart.c",line 117,column 3,is_stmt,isa 0
     550 000022 40F2          MOV.B     #141,&BCSCTL1+0       ; [] |117| 
         000024 008D 
         000026 0000!
     551                    .dwpsn  file "../uart.c",line 118,column 3,is_stmt,isa 0
     552 000028 40F2          MOV.B     #136,&DCOCTL+0        ; [] |118| 
         00002a 0088 
         00002c 0000!
     553                    .dwpsn  file "../uart.c",line 120,column 10,is_stmt,isa 0
     554 00002e 40F2          MOV.B     #3,&UCA1BR1+0         ; [] |120| 
         000030 0003 
         000032 0000!
     555                    .dwpsn  file "../uart.c",line 121,column 10,is_stmt,isa 0
     556 000034 40F2          MOV.B     #65,&UCA1BR0+0        ; [] |121| 
         000036 0041 
         000038 0000!
     557                    .dwpsn  file "../uart.c",line 123,column 3,is_stmt,isa 0
     558 00003a 42E2          MOV.B     #4,&UCA1MCTL+0        ; [] |123| 
         00003c 0000!
     559                    .dwpsn  file "../uart.c",line 125,column 10,is_stmt,isa 0
     560 00003e C3D2          BIC.B     #1,&UCA1CTL1+0        ; [] |125| 
         000040 0000!
     561                    .dwpsn  file "../uart.c",line 127,column 10,is_stmt,isa 0
     562 000042 D0F2          OR.B      #3,&UC1IE+0           ; [] |127| 
         000044 0003 
         000046 0000!
     563                    .dwpsn  file "../uart.c",line 128,column 3,is_stmt,isa 0
MSP430 Assembler PC v4.4.3 Sat Aug 08 16:57:45 2015

Tools Copyright (c) 2003-2015 Texas Instruments Incorporated
uart.asm                                                             PAGE   13

     564 000048 4392          MOV.W     #1,&flag+0            ; [] |128| 
         00004a 0000!
     565            ;* --------------------------------------------------------------------------*
     566            ;*   BEGIN LOOP $C$L6
     567            ;*
     568            ;*   Loop source line                : 132
     569            ;*   Loop closing brace source line  : 132
     570            ;*   Known Minimum Trip Count        : 1
     571            ;*   Known Maximum Trip Count        : 4294967295
     572            ;*   Known Max Trip Count Factor     : 1
     573            ;* --------------------------------------------------------------------------*
     574 00004c       $C$L6:    
     575                    .dwpsn  file "../uart.c",line 132,column 15,is_stmt,isa 0
     576 00004c B3E2          BIT.B     #2,&UC1IFG+0          ; [] |132| 
         00004e 0000!
     577 000050 27FD          JEQ       $C$L6                 ; [] |132| 
     578                                                      ; [] |132| 
     579            ;* --------------------------------------------------------------------------*
     580                    .dwpsn  file "../uart.c",line 133,column 10,is_stmt,isa 0
     581 000052 4CC2          MOV.B     r12,&UCA1TXBUF+0      ; [] |133| 
         000054 0000!
     582                    .dwpsn  file "../uart.c",line 137,column 1,is_stmt,isa 0
     583            $C$DW$32        .dwtag  DW_TAG_TI_branch
     584                    .dwattr $C$DW$32, DW_AT_low_pc(0x00)
     585                    .dwattr $C$DW$32, DW_AT_TI_return
     586 000056 0110          RETA      ; [] 
     587                    ; [] 
     588                    .dwattr $C$DW$29, DW_AT_TI_end_file("../uart.c")
     589                    .dwattr $C$DW$29, DW_AT_TI_end_line(0x89)
     590                    .dwattr $C$DW$29, DW_AT_TI_end_column(0x01)
     591                    .dwendentry
     592                    .dwendtag $C$DW$29
     593            
     594 000000               .sect   ".text:transmit_38400"
     595                    .clink
     596                    .global transmit_38400
     597            
     598            $C$DW$33        .dwtag  DW_TAG_subprogram, DW_AT_name("transmit_38400")
     599                    .dwattr $C$DW$33, DW_AT_low_pc(transmit_38400)
     600                    .dwattr $C$DW$33, DW_AT_high_pc(0x00)
     601                    .dwattr $C$DW$33, DW_AT_TI_symbol_name("transmit_38400")
     602                    .dwattr $C$DW$33, DW_AT_external
     603                    .dwattr $C$DW$33, DW_AT_TI_begin_file("../uart.c")
     604                    .dwattr $C$DW$33, DW_AT_TI_begin_line(0x8b)
     605                    .dwattr $C$DW$33, DW_AT_TI_begin_column(0x06)
     606                    .dwattr $C$DW$33, DW_AT_decl_file("../uart.c")
     607                    .dwattr $C$DW$33, DW_AT_decl_line(0x8b)
     608                    .dwattr $C$DW$33, DW_AT_decl_column(0x06)
     609                    .dwattr $C$DW$33, DW_AT_TI_max_frame_size(0x04)
     610                    .dwpsn  file "../uart.c",line 140,column 1,is_stmt,address transmit_38400,isa 0
     611            
     612                    .dwfde $C$DW$CIE, transmit_38400
     613            $C$DW$34        .dwtag  DW_TAG_formal_parameter, DW_AT_name("send")
     614                    .dwattr $C$DW$34, DW_AT_TI_symbol_name("send")
     615                    .dwattr $C$DW$34, DW_AT_type(*$C$DW$T$6)
MSP430 Assembler PC v4.4.3 Sat Aug 08 16:57:45 2015

Tools Copyright (c) 2003-2015 Texas Instruments Incorporated
uart.asm                                                             PAGE   14

     616                    .dwattr $C$DW$34, DW_AT_location[DW_OP_reg12]
     617            
     618            ;*****************************************************************************
     619            ;* FUNCTION NAME: transmit_38400                                             *
     620            ;*                                                                           *
     621            ;*   Regs Modified     : SP,SR                                               *
     622            ;*   Regs Used         : SP,SR,r12                                           *
     623            ;*   Local Frame Size  : 0 Args + 0 Auto + 0 Save = 0 byte                   *
     624            ;*****************************************************************************
     625 000000       transmit_38400:
     626            ;* --------------------------------------------------------------------------*
     627                    .dwcfi  cfa_offset, 4
     628                    .dwcfi  save_reg_to_mem, 16, -4
     629            ;* r12   assigned to send
     630            $C$DW$35        .dwtag  DW_TAG_variable, DW_AT_name("send")
     631                    .dwattr $C$DW$35, DW_AT_TI_symbol_name("send")
     632                    .dwattr $C$DW$35, DW_AT_type(*$C$DW$T$6)
     633                    .dwattr $C$DW$35, DW_AT_location[DW_OP_reg12]
     634                    .dwpsn  file "../uart.c",line 142,column 2,is_stmt,isa 0
     635 000000 9382          TST.W     &flag+0               ; [] |142| 
         000002 0000!
     636 000004 2023          JNE       $C$L7                 ; [] |142| 
     637                                                      ; [] |142| 
     638            ;* --------------------------------------------------------------------------*
     639                    .dwpsn  file "../uart.c",line 143,column 3,is_stmt,isa 0
     640 000006 40B2          MOV.W     #23168,&WDTCTL+0      ; [] |143| 
         000008 5A80 
         00000a 0000!
     641                    .dwpsn  file "../uart.c",line 144,column 3,is_stmt,isa 0
     642 00000c D0F2          OR.B      #192,&P3SEL+0         ; [] |144| 
         00000e 00C0 
         000010 0000!
     643                    .dwpsn  file "../uart.c",line 145,column 10,is_stmt,isa 0
     644 000012 D0F2          OR.B      #64,&P3DIR+0          ; [] |145| 
         000014 0040 
         000016 0000!
     645                    .dwpsn  file "../uart.c",line 148,column 9,is_stmt,isa 0
     646 000018 D0F2          OR.B      #128,&UCA1CTL1+0      ; [] |148| 
         00001a 0080 
         00001c 0000!
     647                    .dwpsn  file "../uart.c",line 150,column 3,is_stmt,isa 0
     648 00001e 43C2          MOV.B     #0,&DCOCTL+0          ; [] |150| 
         000020 0000!
     649                    .dwpsn  file "../uart.c",line 151,column 3,is_stmt,isa 0
     650 000022 40F2          MOV.B     #141,&BCSCTL1+0       ; [] |151| 
         000024 008D 
         000026 0000!
     651                    .dwpsn  file "../uart.c",line 152,column 3,is_stmt,isa 0
     652 000028 40F2          MOV.B     #136,&DCOCTL+0        ; [] |152| 
         00002a 0088 
         00002c 0000!
     653                    .dwpsn  file "../uart.c",line 154,column 10,is_stmt,isa 0
     654 00002e 43C2          MOV.B     #0,&UCA1BR1+0         ; [] |154| 
         000030 0000!
     655                    .dwpsn  file "../uart.c",line 155,column 10,is_stmt,isa 0
MSP430 Assembler PC v4.4.3 Sat Aug 08 16:57:45 2015

Tools Copyright (c) 2003-2015 Texas Instruments Incorporated
uart.asm                                                             PAGE   15

     656 000032 40F2          MOV.B     #208,&UCA1BR0+0       ; [] |155| 
         000034 00D0 
         000036 0000!
     657                    .dwpsn  file "../uart.c",line 156,column 5,is_stmt,isa 0
     658 000038 40F2          MOV.B     #6,&UCA1MCTL+0        ; [] |156| 
         00003a 0006 
         00003c 0000!
     659                    .dwpsn  file "../uart.c",line 158,column 10,is_stmt,isa 0
     660 00003e C3D2          BIC.B     #1,&UCA1CTL1+0        ; [] |158| 
         000040 0000!
     661                    .dwpsn  file "../uart.c",line 160,column 10,is_stmt,isa 0
     662 000042 D0F2          OR.B      #3,&UC1IE+0           ; [] |160| 
         000044 0003 
         000046 0000!
     663                    .dwpsn  file "../uart.c",line 161,column 3,is_stmt,isa 0
     664 000048 4392          MOV.W     #1,&flag+0            ; [] |161| 
         00004a 0000!
     665            ;* --------------------------------------------------------------------------*
     666            ;*   BEGIN LOOP $C$L7
     667            ;*
     668            ;*   Loop source line                : 164
     669            ;*   Loop closing brace source line  : 164
     670            ;*   Known Minimum Trip Count        : 1
     671            ;*   Known Maximum Trip Count        : 4294967295
     672            ;*   Known Max Trip Count Factor     : 1
     673            ;* --------------------------------------------------------------------------*
     674 00004c       $C$L7:    
     675                    .dwpsn  file "../uart.c",line 164,column 15,is_stmt,isa 0
     676 00004c B3E2          BIT.B     #2,&UC1IFG+0          ; [] |164| 
         00004e 0000!
     677 000050 27FD          JEQ       $C$L7                 ; [] |164| 
     678                                                      ; [] |164| 
     679            ;* --------------------------------------------------------------------------*
     680                    .dwpsn  file "../uart.c",line 165,column 10,is_stmt,isa 0
     681 000052 4CC2          MOV.B     r12,&UCA1TXBUF+0      ; [] |165| 
         000054 0000!
     682                    .dwpsn  file "../uart.c",line 169,column 1,is_stmt,isa 0
     683            $C$DW$36        .dwtag  DW_TAG_TI_branch
     684                    .dwattr $C$DW$36, DW_AT_low_pc(0x00)
     685                    .dwattr $C$DW$36, DW_AT_TI_return
     686 000056 0110          RETA      ; [] 
     687                    ; [] 
     688                    .dwattr $C$DW$33, DW_AT_TI_end_file("../uart.c")
     689                    .dwattr $C$DW$33, DW_AT_TI_end_line(0xa9)
     690                    .dwattr $C$DW$33, DW_AT_TI_end_column(0x01)
     691                    .dwendentry
     692                    .dwendtag $C$DW$33
     693            
     694            ;*****************************************************************************
     695            ;* UNDEFINED EXTERNAL REFERENCES                                             *
     696            ;*****************************************************************************
     697                    .global UC1IE
     698                    .global UC1IFG
     699                    .global DCOCTL
     700                    .global BCSCTL1
MSP430 Assembler PC v4.4.3 Sat Aug 08 16:57:45 2015

Tools Copyright (c) 2003-2015 Texas Instruments Incorporated
uart.asm                                                             PAGE   16

     701                    .global P3DIR
     702                    .global P3SEL
     703                    .global UCA1CTL1
     704                    .global UCA1BR0
     705                    .global UCA1BR1
     706                    .global UCA1MCTL
     707                    .global UCA1TXBUF
     708                    .global WDTCTL
     709            
     710            ;******************************************************************************
     711            ;* BUILD ATTRIBUTES                                                           *
     712            ;******************************************************************************
     713                    .battr "TI", Tag_File, 1, Tag_LPM_INFO(1)
     714                    .battr "TI", Tag_File, 1, Tag_PORTS_INIT_INFO("012345678901ABCDEFGHIJ0111111110001000000000000
     715                    .battr "TI", Tag_File, 1, Tag_HW_MPY32_INFO(1)
     716                    .battr "TI", Tag_File, 1, Tag_HW_MPY_ISR_INFO(1)
     717                    .battr "TI", Tag_File, 1, Tag_HW_MPY_INLINE_INFO(1)
     718                    .battr "mspabi", Tag_File, 1, Tag_enum_size(3)
     719            
     720            ;******************************************************************************
     721            ;* TYPE INFORMATION                                                           *
     722            ;******************************************************************************
     723            $C$DW$T$2       .dwtag  DW_TAG_unspecified_type
     724                    .dwattr $C$DW$T$2, DW_AT_name("void")
     725            
     726            $C$DW$T$22      .dwtag  DW_TAG_subroutine_type
     727                    .dwattr $C$DW$T$22, DW_AT_language(DW_LANG_C)
     728            $C$DW$T$23      .dwtag  DW_TAG_pointer_type
     729                    .dwattr $C$DW$T$23, DW_AT_type(*$C$DW$T$22)
     730                    .dwattr $C$DW$T$23, DW_AT_address_class(0x14)
     731            $C$DW$T$24      .dwtag  DW_TAG_typedef, DW_AT_name("__SFR_FARPTR")
     732                    .dwattr $C$DW$T$24, DW_AT_type(*$C$DW$T$23)
     733                    .dwattr $C$DW$T$24, DW_AT_language(DW_LANG_C)
     734                    .dwattr $C$DW$T$24, DW_AT_decl_file("D:/Program Files/ccsv6/ccs_base/msp430/include/msp430f261
     735                    .dwattr $C$DW$T$24, DW_AT_decl_line(0x47)
     736                    .dwattr $C$DW$T$24, DW_AT_decl_column(0x11)
     737            $C$DW$T$4       .dwtag  DW_TAG_base_type
     738                    .dwattr $C$DW$T$4, DW_AT_encoding(DW_ATE_boolean)
     739                    .dwattr $C$DW$T$4, DW_AT_name("bool")
     740                    .dwattr $C$DW$T$4, DW_AT_byte_size(0x01)
     741            $C$DW$T$5       .dwtag  DW_TAG_base_type
     742                    .dwattr $C$DW$T$5, DW_AT_encoding(DW_ATE_signed_char)
     743                    .dwattr $C$DW$T$5, DW_AT_name("signed char")
     744                    .dwattr $C$DW$T$5, DW_AT_byte_size(0x01)
     745            $C$DW$T$6       .dwtag  DW_TAG_base_type
     746                    .dwattr $C$DW$T$6, DW_AT_encoding(DW_ATE_unsigned_char)
     747                    .dwattr $C$DW$T$6, DW_AT_name("unsigned char")
     748                    .dwattr $C$DW$T$6, DW_AT_byte_size(0x01)
     749            $C$DW$37        .dwtag  DW_TAG_TI_far_type
     750                    .dwattr $C$DW$37, DW_AT_type(*$C$DW$T$6)
     751            $C$DW$T$25      .dwtag  DW_TAG_volatile_type
     752                    .dwattr $C$DW$T$25, DW_AT_type(*$C$DW$37)
     753            $C$DW$T$7       .dwtag  DW_TAG_base_type
     754                    .dwattr $C$DW$T$7, DW_AT_encoding(DW_ATE_signed_char)
     755                    .dwattr $C$DW$T$7, DW_AT_name("wchar_t")
MSP430 Assembler PC v4.4.3 Sat Aug 08 16:57:45 2015

Tools Copyright (c) 2003-2015 Texas Instruments Incorporated
uart.asm                                                             PAGE   17

     756                    .dwattr $C$DW$T$7, DW_AT_byte_size(0x02)
     757            $C$DW$T$8       .dwtag  DW_TAG_base_type
     758                    .dwattr $C$DW$T$8, DW_AT_encoding(DW_ATE_signed)
     759                    .dwattr $C$DW$T$8, DW_AT_name("short")
     760                    .dwattr $C$DW$T$8, DW_AT_byte_size(0x02)
     761            $C$DW$T$9       .dwtag  DW_TAG_base_type
     762                    .dwattr $C$DW$T$9, DW_AT_encoding(DW_ATE_unsigned)
     763                    .dwattr $C$DW$T$9, DW_AT_name("unsigned short")
     764                    .dwattr $C$DW$T$9, DW_AT_byte_size(0x02)
     765            $C$DW$T$10      .dwtag  DW_TAG_base_type
     766                    .dwattr $C$DW$T$10, DW_AT_encoding(DW_ATE_signed)
     767                    .dwattr $C$DW$T$10, DW_AT_name("int")
     768                    .dwattr $C$DW$T$10, DW_AT_byte_size(0x02)
     769            $C$DW$T$11      .dwtag  DW_TAG_base_type
     770                    .dwattr $C$DW$T$11, DW_AT_encoding(DW_ATE_unsigned)
     771                    .dwattr $C$DW$T$11, DW_AT_name("unsigned int")
     772                    .dwattr $C$DW$T$11, DW_AT_byte_size(0x02)
     773            $C$DW$38        .dwtag  DW_TAG_TI_far_type
     774                    .dwattr $C$DW$38, DW_AT_type(*$C$DW$T$11)
     775            $C$DW$T$26      .dwtag  DW_TAG_volatile_type
     776                    .dwattr $C$DW$T$26, DW_AT_type(*$C$DW$38)
     777            $C$DW$T$12      .dwtag  DW_TAG_base_type
     778                    .dwattr $C$DW$T$12, DW_AT_encoding(DW_ATE_signed)
     779                    .dwattr $C$DW$T$12, DW_AT_name("long")
     780                    .dwattr $C$DW$T$12, DW_AT_byte_size(0x04)
     781            $C$DW$T$13      .dwtag  DW_TAG_base_type
     782                    .dwattr $C$DW$T$13, DW_AT_encoding(DW_ATE_unsigned)
     783                    .dwattr $C$DW$T$13, DW_AT_name("unsigned long")
     784                    .dwattr $C$DW$T$13, DW_AT_byte_size(0x04)
     785            $C$DW$T$14      .dwtag  DW_TAG_base_type
     786                    .dwattr $C$DW$T$14, DW_AT_encoding(DW_ATE_signed)
     787                    .dwattr $C$DW$T$14, DW_AT_name("long long")
     788                    .dwattr $C$DW$T$14, DW_AT_byte_size(0x08)
     789            $C$DW$T$15      .dwtag  DW_TAG_base_type
     790                    .dwattr $C$DW$T$15, DW_AT_encoding(DW_ATE_unsigned)
     791                    .dwattr $C$DW$T$15, DW_AT_name("unsigned long long")
     792                    .dwattr $C$DW$T$15, DW_AT_byte_size(0x08)
     793            $C$DW$T$16      .dwtag  DW_TAG_base_type
     794                    .dwattr $C$DW$T$16, DW_AT_encoding(DW_ATE_float)
     795                    .dwattr $C$DW$T$16, DW_AT_name("float")
     796                    .dwattr $C$DW$T$16, DW_AT_byte_size(0x04)
     797            $C$DW$T$17      .dwtag  DW_TAG_base_type
     798                    .dwattr $C$DW$T$17, DW_AT_encoding(DW_ATE_float)
     799                    .dwattr $C$DW$T$17, DW_AT_name("double")
     800                    .dwattr $C$DW$T$17, DW_AT_byte_size(0x08)
     801            $C$DW$T$18      .dwtag  DW_TAG_base_type
     802                    .dwattr $C$DW$T$18, DW_AT_encoding(DW_ATE_float)
     803                    .dwattr $C$DW$T$18, DW_AT_name("long double")
     804                    .dwattr $C$DW$T$18, DW_AT_byte_size(0x08)
     805            $C$DW$T$27      .dwtag  DW_TAG_pointer_type
     806                    .dwattr $C$DW$T$27, DW_AT_type(*$C$DW$T$6)
     807                    .dwattr $C$DW$T$27, DW_AT_address_class(0x14)
     808            $C$DW$T$28      .dwtag  DW_TAG_typedef, DW_AT_name("__builtin_va_list")
     809                    .dwattr $C$DW$T$28, DW_AT_type(*$C$DW$T$27)
     810                    .dwattr $C$DW$T$28, DW_AT_language(DW_LANG_C)
MSP430 Assembler PC v4.4.3 Sat Aug 08 16:57:45 2015

Tools Copyright (c) 2003-2015 Texas Instruments Incorporated
uart.asm                                                             PAGE   18

     811                    .dwattr $C$DW$T$28, DW_AT_decl_file("../uart.c")
     812                    .dwattr $C$DW$T$28, DW_AT_decl_line(0xa9)
     813                    .dwattr $C$DW$T$28, DW_AT_decl_column(0x01)
     814                    .dwattr $C$DW$CU, DW_AT_language(DW_LANG_C)
     815            
     816            ;***************************************************************
     817            ;* DWARF CIE ENTRIES                                           *
     818            ;***************************************************************
     819            
     820            $C$DW$CIE       .dwcie 16
     821                    .dwcfi  cfa_register, 1
     822                    .dwcfi  cfa_offset, 0
     823                    .dwcfi  same_value, 0
     824                    .dwcfi  same_value, 1
     825                    .dwcfi  undefined, 2
     826                    .dwcfi  same_value, 3
     827                    .dwcfi  same_value, 4
     828                    .dwcfi  same_value, 5
     829                    .dwcfi  same_value, 6
     830                    .dwcfi  same_value, 7
     831                    .dwcfi  same_value, 8
     832                    .dwcfi  same_value, 9
     833                    .dwcfi  same_value, 10
     834                    .dwcfi  undefined, 11
     835                    .dwcfi  undefined, 12
     836                    .dwcfi  undefined, 13
     837                    .dwcfi  undefined, 14
     838                    .dwcfi  undefined, 15
     839                    .dwcfi  undefined, 16
     840                    .dwendentry
     841            
     842            ;***************************************************************
     843            ;* DWARF REGISTER MAP                                          *
     844            ;***************************************************************
     845            
     846            $C$DW$39        .dwtag  DW_TAG_TI_assign_register, DW_AT_name("PC")
     847                    .dwattr $C$DW$39, DW_AT_location[DW_OP_reg0]
     848            $C$DW$40        .dwtag  DW_TAG_TI_assign_register, DW_AT_name("SP")
     849                    .dwattr $C$DW$40, DW_AT_location[DW_OP_reg1]
     850            $C$DW$41        .dwtag  DW_TAG_TI_assign_register, DW_AT_name("SR")
     851                    .dwattr $C$DW$41, DW_AT_location[DW_OP_reg2]
     852            $C$DW$42        .dwtag  DW_TAG_TI_assign_register, DW_AT_name("CG")
     853                    .dwattr $C$DW$42, DW_AT_location[DW_OP_reg3]
     854            $C$DW$43        .dwtag  DW_TAG_TI_assign_register, DW_AT_name("r4")
     855                    .dwattr $C$DW$43, DW_AT_location[DW_OP_reg4]
     856            $C$DW$44        .dwtag  DW_TAG_TI_assign_register, DW_AT_name("r5")
     857                    .dwattr $C$DW$44, DW_AT_location[DW_OP_reg5]
     858            $C$DW$45        .dwtag  DW_TAG_TI_assign_register, DW_AT_name("r6")
     859                    .dwattr $C$DW$45, DW_AT_location[DW_OP_reg6]
     860            $C$DW$46        .dwtag  DW_TAG_TI_assign_register, DW_AT_name("r7")
     861                    .dwattr $C$DW$46, DW_AT_location[DW_OP_reg7]
     862            $C$DW$47        .dwtag  DW_TAG_TI_assign_register, DW_AT_name("r8")
     863                    .dwattr $C$DW$47, DW_AT_location[DW_OP_reg8]
     864            $C$DW$48        .dwtag  DW_TAG_TI_assign_register, DW_AT_name("r9")
     865                    .dwattr $C$DW$48, DW_AT_location[DW_OP_reg9]
MSP430 Assembler PC v4.4.3 Sat Aug 08 16:57:45 2015

Tools Copyright (c) 2003-2015 Texas Instruments Incorporated
uart.asm                                                             PAGE   19

     866            $C$DW$49        .dwtag  DW_TAG_TI_assign_register, DW_AT_name("r10")
     867                    .dwattr $C$DW$49, DW_AT_location[DW_OP_reg10]
     868            $C$DW$50        .dwtag  DW_TAG_TI_assign_register, DW_AT_name("r11")
     869                    .dwattr $C$DW$50, DW_AT_location[DW_OP_reg11]
     870            $C$DW$51        .dwtag  DW_TAG_TI_assign_register, DW_AT_name("r12")
     871                    .dwattr $C$DW$51, DW_AT_location[DW_OP_reg12]
     872            $C$DW$52        .dwtag  DW_TAG_TI_assign_register, DW_AT_name("r13")
     873                    .dwattr $C$DW$52, DW_AT_location[DW_OP_reg13]
     874            $C$DW$53        .dwtag  DW_TAG_TI_assign_register, DW_AT_name("r14")
     875                    .dwattr $C$DW$53, DW_AT_location[DW_OP_reg14]
     876            $C$DW$54        .dwtag  DW_TAG_TI_assign_register, DW_AT_name("r15")
     877                    .dwattr $C$DW$54, DW_AT_location[DW_OP_reg15]
     878            $C$DW$55        .dwtag  DW_TAG_TI_assign_register, DW_AT_name("CIE_RETA")
     879                    .dwattr $C$DW$55, DW_AT_location[DW_OP_reg16]
     880                    .dwendtag $C$DW$CU
     881            

No Assembly Errors, No Assembly Warnings
